
ROM used:   190/8192 (2%)
            190/8192 (2%) including unused fragments

            0.2 Average locations per line
            1.4 Average locations per statement

RAM used:   8/368 (2%) at main() level
            11/368 (3%) worst case

Stack used: 2 worst case (2 in main + 0 for interrupts)
Stack size: 8

Lines Stmts  %   Files
----- ----- ---  -----
   27    12   9  Code.c
  671     0   0  C:\Program Files (x86)\PICC\Devices\16f877A.h
   37     0   0  C:\Program Files (x86)\PICC\Drivers\stdio.h
  423   125  91  C:\Program Files (x86)\PICC\Drivers\string.h
   32     0   0  C:\Program Files (x86)\PICC\Drivers\stddef.h
   28     0   0  C:\Program Files (x86)\PICC\Drivers\ctype.h
----- -----
 1218   137 Total

Page ROM  %  RAM   Vol Diff  Functions:
---- --- --- ---   --- ----  ----------
0     28  15    0    69  1.1  send_message
0      5   3    0    50  1.0  @const720
0     88  46    4    17  0.8  @PSTRINGC7_9600_62_63
0     12   6    0   123  2.5  @const722
0      7   4    0   143  2.6  @const723
0     46  24    1   123  2.5  MAIN
 Inline         0             @cinit1

Program metrics:
    Functions               6
    Statements              137
    Comments                304
    Volume (V)              842
    Difficulty (D)          10.4
    Effort to implement (E) 8739
    Time to implement (T)   8 minutes
    Est Delivered Bugs (B)  0
    Cyclomatic Complexity   3
    Maintainability (MI)    45

 Segment     Used  Free
-----------  ----  ----
00000-00003     4  0  
00004-007FF   186  1858  
00800-00FFF     0  2048  
01000-017FF     0  2048  
01800-01FFF     0  2048  



